<?xml version="1.0" encoding="UTF-8"?>
<!-- Generated by org.testng.reporters.JUnitReportReporter -->
<testsuite skipped="0" hostname="DT-JMIHAJLOVIC" name="com.WebApiAutomation.ResponseHeaders" tests="2" failures="0" timestamp="05 Dec 2018 15:43:19 GMT" time="1.532" errors="0">
  <testcase name="contetnTypeIsJson" time="1.052" classname="com.WebApiAutomation.ResponseHeaders"/>
  <testcase name="serverIsGithub" time="0.480" classname="com.WebApiAutomation.ResponseHeaders"/>
</testsuite> <!-- com.WebApiAutomation.ResponseHeaders -->
