<?xml version="1.0" encoding="UTF-8"?>
<!-- Generated by org.testng.reporters.JUnitReportReporter -->
<testsuite hostname="DESKTOP-8VQ09FA" failures="0" tests="2" name="com.WebApiAutomation.BodyTestWithSimpleMap" time="1.481" errors="0" timestamp="2020-07-02T15:27:29 CEST" skipped="0">
  <testcase classname="com.WebApiAutomation.BodyTestWithSimpleMap" name="returnCorrectId" time="0.711"/>
  <system-out/>
  <testcase classname="com.WebApiAutomation.BodyTestWithSimpleMap" name="returnCorrectLogin" time="0.770"/>
  <system-out/>
</testsuite> <!-- com.WebApiAutomation.BodyTestWithSimpleMap -->
