<?xml version="1.0" encoding="UTF-8"?>
<!-- Generated by org.testng.reporters.JUnitReportReporter -->
<testsuite hostname="DESKTOP-8VQ09FA" failures="0" tests="2" name="com.WebApiAutomation.ResponseHeaders" time="0.957" errors="0" timestamp="2020-07-03T16:42:03 CEST" skipped="0">
  <testcase classname="com.WebApiAutomation.ResponseHeaders" name="contetnTypeIsJson" time="0.458"/>
  <system-out/>
  <testcase classname="com.WebApiAutomation.ResponseHeaders" name="serverIsGithub" time="0.499"/>
  <system-out/>
</testsuite> <!-- com.WebApiAutomation.ResponseHeaders -->
