<?xml version="1.0" encoding="UTF-8"?>
<!-- Generated by org.testng.reporters.JUnitReportReporter -->
<testsuite hostname="DESKTOP-8VQ09FA" failures="0" tests="2" name="com.WebApiAutomation.BodyTestWithSimpleMap" time="0.556" errors="0" timestamp="2020-07-04T18:59:42 CEST" skipped="0">
  <testcase classname="com.WebApiAutomation.BodyTestWithSimpleMap" name="returnCorrectLogin" time="0.285"/>
  <system-out/>
  <testcase classname="com.WebApiAutomation.BodyTestWithSimpleMap" name="returnCorrectId" time="0.271"/>
  <system-out/>
</testsuite> <!-- com.WebApiAutomation.BodyTestWithSimpleMap -->
