<?xml version="1.0" encoding="UTF-8"?>
<!-- Generated by org.testng.reporters.JUnitReportReporter -->
<testsuite hostname="DESKTOP-8VQ09FA" failures="0" tests="1" name="com.WebApiAutomation.Get404" time="0.356" errors="0" timestamp="2020-07-04T18:59:42 CEST" skipped="0">
  <testcase classname="com.WebApiAutomation.Get404" name="notEistingUrlReturns404" time="0.356"/>
  <system-out/>
</testsuite> <!-- com.WebApiAutomation.Get404 -->
