<?xml version="1.0" encoding="UTF-8"?>
<!-- Generated by org.testng.reporters.JUnitReportReporter -->
<testsuite hostname="DESKTOP-8VQ09FA" failures="0" tests="4" name="com.WebApiAutomation.BodyTestWithJackson" time="1.566" errors="0" timestamp="2020-07-04T18:59:42 CEST" skipped="0">
  <testcase classname="com.WebApiAutomation.BodyTestWithJackson" name="returnCorrectId" time="0.425"/>
  <system-out/>
  <testcase classname="com.WebApiAutomation.BodyTestWithJackson" name="correctRAteLimitsAreSet" time="0.540"/>
  <system-out/>
  <testcase classname="com.WebApiAutomation.BodyTestWithJackson" name="returnCorrectLogin" time="0.235"/>
  <system-out/>
  <testcase classname="com.WebApiAutomation.BodyTestWithJackson" name="notFoundMassageIsCorrect" time="0.366"/>
  <system-out/>
</testsuite> <!-- com.WebApiAutomation.BodyTestWithJackson -->
