<?xml version="1.0" encoding="UTF-8"?>
<!-- Generated by org.testng.reporters.JUnitReportReporter -->
<testsuite hostname="DESKTOP-8VQ09FA" failures="0" tests="1" name="com.WebApiAutomation.Options204" time="0.323" errors="0" timestamp="2020-07-04T18:59:42 CEST" skipped="0">
  <testcase classname="com.WebApiAutomation.Options204" name="optionsReturnsCorrectMethodsList" time="0.323"/>
  <system-out/>
</testsuite> <!-- com.WebApiAutomation.Options204 -->
