<?xml version="1.0" encoding="UTF-8"?>
<!-- Generated by org.testng.reporters.JUnitReportReporter -->
<testsuite hostname="DESKTOP-8VQ09FA" failures="0" tests="3" name="com.WebApiAutomation.Get200" time="2.540" errors="0" timestamp="2020-07-04T18:59:42 CEST" skipped="0">
  <testcase classname="com.WebApiAutomation.Get200" name="baseUrlReturns200" time="0.622"/>
  <system-out/>
  <testcase classname="com.WebApiAutomation.Get200" name="searchReposReturns200" time="1.608"/>
  <system-out/>
  <testcase classname="com.WebApiAutomation.Get200" name="rateLimitReturns200" time="0.310"/>
  <system-out/>
</testsuite> <!-- com.WebApiAutomation.Get200 -->
