<?xml version="1.0" encoding="UTF-8"?>
<!-- Generated by org.testng.reporters.JUnitReportReporter -->
<testsuite hostname="DESKTOP-8VQ09FA" failures="0" tests="3" name="com.WebApiAutomation.Get401" time="1.721" errors="0" timestamp="2020-07-02T15:28:03 CEST" skipped="0">
  <testcase classname="com.WebApiAutomation.Get401" name="userReturns401" time="0.289"/>
  <system-out/>
  <testcase classname="com.WebApiAutomation.Get401" name="userReturns401" time="1.152"/>
  <system-out/>
  <testcase classname="com.WebApiAutomation.Get401" name="userReturns401" time="0.280"/>
  <system-out/>
</testsuite> <!-- com.WebApiAutomation.Get401 -->
