<?xml version="1.0" encoding="UTF-8"?>
<!-- Generated by org.testng.reporters.JUnitReportReporter -->
<testsuite hostname="DESKTOP-8VQ09FA" failures="0" tests="4" name="com.WebApiAutomation.BodyTestWithJackson" time="2.111" errors="0" timestamp="2020-07-02T15:26:59 CEST" skipped="0">
  <testcase classname="com.WebApiAutomation.BodyTestWithJackson" name="correctRAteLimitsAreSet" time="1.341"/>
  <system-out/>
  <testcase classname="com.WebApiAutomation.BodyTestWithJackson" name="notFoundMassageIsCorrect" time="0.281"/>
  <system-out/>
  <testcase classname="com.WebApiAutomation.BodyTestWithJackson" name="returnCorrectId" time="0.302"/>
  <system-out/>
  <testcase classname="com.WebApiAutomation.BodyTestWithJackson" name="returnCorrectLogin" time="0.187"/>
  <system-out/>
</testsuite> <!-- com.WebApiAutomation.BodyTestWithJackson -->
